<?xml version="1.0" encoding="UTF-8"?>
<testsuite xmlns:xsi="http://www.w3.org/2001/XMLSchema-instance" xsi:noNamespaceSchemaLocation="https://maven.apache.org/surefire/maven-surefire-plugin/xsd/surefire-test-report.xsd" name="TestSuite" time="372.924" tests="21" errors="0" skipped="0" failures="0">
  <properties>
    <property name="gopherProxySet" value="false"/>
    <property name="awt.toolkit" value="sun.lwawt.macosx.LWCToolkit"/>
    <property name="file.encoding.pkg" value="sun.io"/>
    <property name="java.specification.version" value="1.8"/>
    <property name="sun.cpu.isalist" value=""/>
    <property name="sun.jnu.encoding" value="UTF-8"/>
    <property name="java.class.path" value="/Users/jay/eclipse-workspace/Project/target/test-classes:/Users/jay/eclipse-workspace/Project/target/classes:/Users/jay/.m2/repository/com/applitools/eyes-selenium-java3/3.152.6/eyes-selenium-java3-3.152.6.jar:/Users/jay/.m2/repository/com/applitools/eyes-common-java3/3.152.6/eyes-common-java3-3.152.6.jar:/Users/jay/.m2/repository/org/imgscalr/imgscalr-lib/4.2/imgscalr-lib-4.2.jar:/Users/jay/.m2/repository/commons-io/commons-io/2.6/commons-io-2.6.jar:/Users/jay/.m2/repository/org/apache/commons/commons-lang3/3.8.1/commons-lang3-3.8.1.jar:/Users/jay/.m2/repository/com/fasterxml/jackson/core/jackson-databind/2.5.1/jackson-databind-2.5.1.jar:/Users/jay/.m2/repository/com/fasterxml/jackson/core/jackson-annotations/2.5.0/jackson-annotations-2.5.0.jar:/Users/jay/.m2/repository/com/fasterxml/jackson/core/jackson-core/2.5.1/jackson-core-2.5.1.jar:/Users/jay/.m2/repository/com/applitools/eyes-sdk-core-java3/3.152.6/eyes-sdk-core-java3-3.152.6.jar:/Users/jay/.m2/repository/com/applitools/eyes-connectivity-java3-jersey2x/3.152.6/eyes-connectivity-java3-jersey2x-3.152.6.jar:/Users/jay/.m2/repository/org/glassfish/jersey/connectors/jersey-apache-connector/2.28/jersey-apache-connector-2.28.jar:/Users/jay/.m2/repository/org/glassfish/jersey/core/jersey-common/2.28/jersey-common-2.28.jar:/Users/jay/.m2/repository/jakarta/annotation/jakarta.annotation-api/1.3.4/jakarta.annotation-api-1.3.4.jar:/Users/jay/.m2/repository/org/glassfish/hk2/osgi-resource-locator/1.0.1/osgi-resource-locator-1.0.1.jar:/Users/jay/.m2/repository/jakarta/ws/rs/jakarta.ws.rs-api/2.1.5/jakarta.ws.rs-api-2.1.5.jar:/Users/jay/.m2/repository/org/glassfish/jersey/core/jersey-client/2.28/jersey-client-2.28.jar:/Users/jay/.m2/repository/org/glassfish/hk2/external/jakarta.inject/2.5.0/jakarta.inject-2.5.0.jar:/Users/jay/.m2/repository/org/glassfish/jersey/inject/jersey-hk2/2.28/jersey-hk2-2.28.jar:/Users/jay/.m2/repository/org/glassfish/hk2/hk2-locator/2.5.0/hk2-locator-2.5.0.jar:/Users/jay/.m2/repository/org/glassfish/hk2/external/aopalliance-repackaged/2.5.0/aopalliance-repackaged-2.5.0.jar:/Users/jay/.m2/repository/org/glassfish/hk2/hk2-api/2.5.0/hk2-api-2.5.0.jar:/Users/jay/.m2/repository/org/glassfish/hk2/hk2-utils/2.5.0/hk2-utils-2.5.0.jar:/Users/jay/.m2/repository/org/javassist/javassist/3.22.0-CR2/javassist-3.22.0-CR2.jar:/Users/jay/.m2/repository/org/seleniumhq/selenium/selenium-java/3.141.59/selenium-java-3.141.59.jar:/Users/jay/.m2/repository/org/seleniumhq/selenium/selenium-api/3.141.59/selenium-api-3.141.59.jar:/Users/jay/.m2/repository/org/seleniumhq/selenium/selenium-chrome-driver/3.141.59/selenium-chrome-driver-3.141.59.jar:/Users/jay/.m2/repository/org/seleniumhq/selenium/selenium-edge-driver/3.141.59/selenium-edge-driver-3.141.59.jar:/Users/jay/.m2/repository/org/seleniumhq/selenium/selenium-firefox-driver/3.141.59/selenium-firefox-driver-3.141.59.jar:/Users/jay/.m2/repository/org/seleniumhq/selenium/selenium-ie-driver/3.141.59/selenium-ie-driver-3.141.59.jar:/Users/jay/.m2/repository/org/seleniumhq/selenium/selenium-opera-driver/3.141.59/selenium-opera-driver-3.141.59.jar:/Users/jay/.m2/repository/org/seleniumhq/selenium/selenium-remote-driver/3.141.59/selenium-remote-driver-3.141.59.jar:/Users/jay/.m2/repository/org/seleniumhq/selenium/selenium-safari-driver/3.141.59/selenium-safari-driver-3.141.59.jar:/Users/jay/.m2/repository/org/seleniumhq/selenium/selenium-support/3.141.59/selenium-support-3.141.59.jar:/Users/jay/.m2/repository/net/bytebuddy/byte-buddy/1.8.15/byte-buddy-1.8.15.jar:/Users/jay/.m2/repository/org/apache/commons/commons-exec/1.3/commons-exec-1.3.jar:/Users/jay/.m2/repository/com/google/guava/guava/25.0-jre/guava-25.0-jre.jar:/Users/jay/.m2/repository/com/google/code/findbugs/jsr305/1.3.9/jsr305-1.3.9.jar:/Users/jay/.m2/repository/org/checkerframework/checker-compat-qual/2.0.0/checker-compat-qual-2.0.0.jar:/Users/jay/.m2/repository/com/google/errorprone/error_prone_annotations/2.1.3/error_prone_annotations-2.1.3.jar:/Users/jay/.m2/repository/com/google/j2objc/j2objc-annotations/1.1/j2objc-annotations-1.1.jar:/Users/jay/.m2/repository/org/codehaus/mojo/animal-sniffer-annotations/1.14/animal-sniffer-annotations-1.14.jar:/Users/jay/.m2/repository/com/squareup/okhttp3/okhttp/3.11.0/okhttp-3.11.0.jar:/Users/jay/.m2/repository/com/squareup/okio/okio/1.14.0/okio-1.14.0.jar:/Users/jay/.m2/repository/io/appium/java-client/7.0.0/java-client-7.0.0.jar:/Users/jay/.m2/repository/com/google/code/gson/gson/2.8.5/gson-2.8.5.jar:/Users/jay/.m2/repository/cglib/cglib/3.2.8/cglib-3.2.8.jar:/Users/jay/.m2/repository/org/ow2/asm/asm/6.2.1/asm-6.2.1.jar:/Users/jay/.m2/repository/org/apache/ant/ant/1.10.3/ant-1.10.3.jar:/Users/jay/.m2/repository/org/apache/ant/ant-launcher/1.10.3/ant-launcher-1.10.3.jar:/Users/jay/.m2/repository/commons-validator/commons-validator/1.6/commons-validator-1.6.jar:/Users/jay/.m2/repository/commons-beanutils/commons-beanutils/1.9.2/commons-beanutils-1.9.2.jar:/Users/jay/.m2/repository/commons-digester/commons-digester/1.8.1/commons-digester-1.8.1.jar:/Users/jay/.m2/repository/commons-collections/commons-collections/3.2.2/commons-collections-3.2.2.jar:/Users/jay/.m2/repository/org/springframework/spring-context/5.1.0.RELEASE/spring-context-5.1.0.RELEASE.jar:/Users/jay/.m2/repository/org/springframework/spring-aop/5.1.0.RELEASE/spring-aop-5.1.0.RELEASE.jar:/Users/jay/.m2/repository/org/springframework/spring-beans/5.1.0.RELEASE/spring-beans-5.1.0.RELEASE.jar:/Users/jay/.m2/repository/org/springframework/spring-core/5.1.0.RELEASE/spring-core-5.1.0.RELEASE.jar:/Users/jay/.m2/repository/org/springframework/spring-jcl/5.1.0.RELEASE/spring-jcl-5.1.0.RELEASE.jar:/Users/jay/.m2/repository/org/springframework/spring-expression/5.1.0.RELEASE/spring-expression-5.1.0.RELEASE.jar:/Users/jay/.m2/repository/org/aspectj/aspectjweaver/1.9.1/aspectjweaver-1.9.1.jar:/Users/jay/.m2/repository/org/slf4j/slf4j-api/1.7.25/slf4j-api-1.7.25.jar:/Users/jay/.m2/repository/com/helger/ph-css/6.1.1/ph-css-6.1.1.jar:/Users/jay/.m2/repository/com/helger/ph-commons/9.0.2/ph-commons-9.0.2.jar:/Users/jay/.m2/repository/javax/activation/activation/1.1.1/activation-1.1.1.jar:/Users/jay/.m2/repository/com/aventstack/extentreports/3.0.0/extentreports-3.0.0.jar:/Users/jay/.m2/repository/org/freemarker/freemarker/2.3.23/freemarker-2.3.23.jar:/Users/jay/.m2/repository/org/mongodb/mongodb-driver/3.3.0/mongodb-driver-3.3.0.jar:/Users/jay/.m2/repository/org/mongodb/bson/3.3.0/bson-3.3.0.jar:/Users/jay/.m2/repository/org/mongodb/mongodb-driver-core/3.3.0/mongodb-driver-core-3.3.0.jar:/Users/jay/.m2/repository/org/apache/httpcomponents/httpclient/4.5.2/httpclient-4.5.2.jar:/Users/jay/.m2/repository/org/apache/httpcomponents/httpcore/4.4.4/httpcore-4.4.4.jar:/Users/jay/.m2/repository/commons-logging/commons-logging/1.2/commons-logging-1.2.jar:/Users/jay/.m2/repository/org/apache/httpcomponents/httpmime/4.5.2/httpmime-4.5.2.jar:/Users/jay/.m2/repository/org/testng/testng/6.14.3/testng-6.14.3.jar:/Users/jay/.m2/repository/com/beust/jcommander/1.72/jcommander-1.72.jar:/Users/jay/.m2/repository/org/apache-extras/beanshell/bsh/2.0b6/bsh-2.0b6.jar:/Users/jay/.m2/repository/io/cucumber/cucumber-java/4.2.0/cucumber-java-4.2.0.jar:/Users/jay/.m2/repository/io/cucumber/cucumber-core/4.2.0/cucumber-core-4.2.0.jar:/Users/jay/.m2/repository/io/cucumber/cucumber-html/0.2.7/cucumber-html-0.2.7.jar:/Users/jay/.m2/repository/io/cucumber/gherkin/5.1.0/gherkin-5.1.0.jar:/Users/jay/.m2/repository/io/cucumber/tag-expressions/1.1.1/tag-expressions-1.1.1.jar:/Users/jay/.m2/repository/io/cucumber/cucumber-expressions/6.2.0/cucumber-expressions-6.2.0.jar:/Users/jay/.m2/repository/io/cucumber/datatable/1.1.7/datatable-1.1.7.jar:/Users/jay/.m2/repository/io/cucumber/datatable-dependencies/1.1.7/datatable-dependencies-1.1.7.jar:/Users/jay/.m2/repository/info/cukes/cucumber-testng/1.2.5/cucumber-testng-1.2.5.jar:/Users/jay/.m2/repository/info/cukes/cucumber-core/1.2.5/cucumber-core-1.2.5.jar:/Users/jay/.m2/repository/info/cukes/cucumber-html/0.2.3/cucumber-html-0.2.3.jar:/Users/jay/.m2/repository/info/cukes/cucumber-jvm-deps/1.0.5/cucumber-jvm-deps-1.0.5.jar:/Users/jay/.m2/repository/info/cukes/gherkin/2.12.2/gherkin-2.12.2.jar:/Users/jay/.m2/repository/junit/junit/4.12/junit-4.12.jar:/Users/jay/.m2/repository/org/hamcrest/hamcrest-core/1.3/hamcrest-core-1.3.jar:/Users/jay/.m2/repository/org/junit/jupiter/junit-jupiter-engine/5.0.0-M1/junit-jupiter-engine-5.0.0-M1.jar:/Users/jay/.m2/repository/org/junit/platform/junit-platform-engine/1.0.0-M1/junit-platform-engine-1.0.0-M1.jar:/Users/jay/.m2/repository/org/junit/platform/junit-platform-commons/1.0.0-M1/junit-platform-commons-1.0.0-M1.jar:/Users/jay/.m2/repository/org/opentest4j/opentest4j/1.0.0-M1/opentest4j-1.0.0-M1.jar:/Users/jay/.m2/repository/org/junit/jupiter/junit-jupiter-api/5.0.0-M1/junit-jupiter-api-5.0.0-M1.jar:/Users/jay/.m2/repository/org/apache/poi/poi/3.17/poi-3.17.jar:/Users/jay/.m2/repository/commons-codec/commons-codec/1.10/commons-codec-1.10.jar:/Users/jay/.m2/repository/org/apache/commons/commons-collections4/4.1/commons-collections4-4.1.jar:/Users/jay/.m2/repository/org/apache/poi/poi-ooxml/3.17/poi-ooxml-3.17.jar:/Users/jay/.m2/repository/org/apache/poi/poi-ooxml-schemas/3.17/poi-ooxml-schemas-3.17.jar:/Users/jay/.m2/repository/org/apache/xmlbeans/xmlbeans/2.6.0/xmlbeans-2.6.0.jar:/Users/jay/.m2/repository/stax/stax-api/1.0.1/stax-api-1.0.1.jar:/Users/jay/.m2/repository/com/github/virtuald/curvesapi/1.04/curvesapi-1.04.jar:"/>
    <property name="java.vm.vendor" value="Oracle Corporation"/>
    <property name="sun.arch.data.model" value="64"/>
    <property name="java.vendor.url" value="http://java.oracle.com/"/>
    <property name="user.timezone" value=""/>
    <property name="java.vm.specification.version" value="1.8"/>
    <property name="os.name" value="Mac OS X"/>
    <property name="user.country" value="GB"/>
    <property name="sun.java.launcher" value="SUN_STANDARD"/>
    <property name="sun.boot.library.path" value="/Library/Java/JavaVirtualMachines/jdk1.8.0_191.jdk/Contents/Home/jre/lib"/>
    <property name="sun.java.command" value="/Users/jay/eclipse-workspace/Project/target/surefire/surefirebooter7495756350445278530.jar /Users/jay/eclipse-workspace/Project/target/surefire 2019-05-30T16-28-51_793-jvmRun1 surefire877659854948108909tmp surefire_03227913508252685218tmp"/>
    <property name="surefire.test.class.path" value="/Users/jay/eclipse-workspace/Project/target/test-classes:/Users/jay/eclipse-workspace/Project/target/classes:/Users/jay/.m2/repository/com/applitools/eyes-selenium-java3/3.152.6/eyes-selenium-java3-3.152.6.jar:/Users/jay/.m2/repository/com/applitools/eyes-common-java3/3.152.6/eyes-common-java3-3.152.6.jar:/Users/jay/.m2/repository/org/imgscalr/imgscalr-lib/4.2/imgscalr-lib-4.2.jar:/Users/jay/.m2/repository/commons-io/commons-io/2.6/commons-io-2.6.jar:/Users/jay/.m2/repository/org/apache/commons/commons-lang3/3.8.1/commons-lang3-3.8.1.jar:/Users/jay/.m2/repository/com/fasterxml/jackson/core/jackson-databind/2.5.1/jackson-databind-2.5.1.jar:/Users/jay/.m2/repository/com/fasterxml/jackson/core/jackson-annotations/2.5.0/jackson-annotations-2.5.0.jar:/Users/jay/.m2/repository/com/fasterxml/jackson/core/jackson-core/2.5.1/jackson-core-2.5.1.jar:/Users/jay/.m2/repository/com/applitools/eyes-sdk-core-java3/3.152.6/eyes-sdk-core-java3-3.152.6.jar:/Users/jay/.m2/repository/com/applitools/eyes-connectivity-java3-jersey2x/3.152.6/eyes-connectivity-java3-jersey2x-3.152.6.jar:/Users/jay/.m2/repository/org/glassfish/jersey/connectors/jersey-apache-connector/2.28/jersey-apache-connector-2.28.jar:/Users/jay/.m2/repository/org/glassfish/jersey/core/jersey-common/2.28/jersey-common-2.28.jar:/Users/jay/.m2/repository/jakarta/annotation/jakarta.annotation-api/1.3.4/jakarta.annotation-api-1.3.4.jar:/Users/jay/.m2/repository/org/glassfish/hk2/osgi-resource-locator/1.0.1/osgi-resource-locator-1.0.1.jar:/Users/jay/.m2/repository/jakarta/ws/rs/jakarta.ws.rs-api/2.1.5/jakarta.ws.rs-api-2.1.5.jar:/Users/jay/.m2/repository/org/glassfish/jersey/core/jersey-client/2.28/jersey-client-2.28.jar:/Users/jay/.m2/repository/org/glassfish/hk2/external/jakarta.inject/2.5.0/jakarta.inject-2.5.0.jar:/Users/jay/.m2/repository/org/glassfish/jersey/inject/jersey-hk2/2.28/jersey-hk2-2.28.jar:/Users/jay/.m2/repository/org/glassfish/hk2/hk2-locator/2.5.0/hk2-locator-2.5.0.jar:/Users/jay/.m2/repository/org/glassfish/hk2/external/aopalliance-repackaged/2.5.0/aopalliance-repackaged-2.5.0.jar:/Users/jay/.m2/repository/org/glassfish/hk2/hk2-api/2.5.0/hk2-api-2.5.0.jar:/Users/jay/.m2/repository/org/glassfish/hk2/hk2-utils/2.5.0/hk2-utils-2.5.0.jar:/Users/jay/.m2/repository/org/javassist/javassist/3.22.0-CR2/javassist-3.22.0-CR2.jar:/Users/jay/.m2/repository/org/seleniumhq/selenium/selenium-java/3.141.59/selenium-java-3.141.59.jar:/Users/jay/.m2/repository/org/seleniumhq/selenium/selenium-api/3.141.59/selenium-api-3.141.59.jar:/Users/jay/.m2/repository/org/seleniumhq/selenium/selenium-chrome-driver/3.141.59/selenium-chrome-driver-3.141.59.jar:/Users/jay/.m2/repository/org/seleniumhq/selenium/selenium-edge-driver/3.141.59/selenium-edge-driver-3.141.59.jar:/Users/jay/.m2/repository/org/seleniumhq/selenium/selenium-firefox-driver/3.141.59/selenium-firefox-driver-3.141.59.jar:/Users/jay/.m2/repository/org/seleniumhq/selenium/selenium-ie-driver/3.141.59/selenium-ie-driver-3.141.59.jar:/Users/jay/.m2/repository/org/seleniumhq/selenium/selenium-opera-driver/3.141.59/selenium-opera-driver-3.141.59.jar:/Users/jay/.m2/repository/org/seleniumhq/selenium/selenium-remote-driver/3.141.59/selenium-remote-driver-3.141.59.jar:/Users/jay/.m2/repository/org/seleniumhq/selenium/selenium-safari-driver/3.141.59/selenium-safari-driver-3.141.59.jar:/Users/jay/.m2/repository/org/seleniumhq/selenium/selenium-support/3.141.59/selenium-support-3.141.59.jar:/Users/jay/.m2/repository/net/bytebuddy/byte-buddy/1.8.15/byte-buddy-1.8.15.jar:/Users/jay/.m2/repository/org/apache/commons/commons-exec/1.3/commons-exec-1.3.jar:/Users/jay/.m2/repository/com/google/guava/guava/25.0-jre/guava-25.0-jre.jar:/Users/jay/.m2/repository/com/google/code/findbugs/jsr305/1.3.9/jsr305-1.3.9.jar:/Users/jay/.m2/repository/org/checkerframework/checker-compat-qual/2.0.0/checker-compat-qual-2.0.0.jar:/Users/jay/.m2/repository/com/google/errorprone/error_prone_annotations/2.1.3/error_prone_annotations-2.1.3.jar:/Users/jay/.m2/repository/com/google/j2objc/j2objc-annotations/1.1/j2objc-annotations-1.1.jar:/Users/jay/.m2/repository/org/codehaus/mojo/animal-sniffer-annotations/1.14/animal-sniffer-annotations-1.14.jar:/Users/jay/.m2/repository/com/squareup/okhttp3/okhttp/3.11.0/okhttp-3.11.0.jar:/Users/jay/.m2/repository/com/squareup/okio/okio/1.14.0/okio-1.14.0.jar:/Users/jay/.m2/repository/io/appium/java-client/7.0.0/java-client-7.0.0.jar:/Users/jay/.m2/repository/com/google/code/gson/gson/2.8.5/gson-2.8.5.jar:/Users/jay/.m2/repository/cglib/cglib/3.2.8/cglib-3.2.8.jar:/Users/jay/.m2/repository/org/ow2/asm/asm/6.2.1/asm-6.2.1.jar:/Users/jay/.m2/repository/org/apache/ant/ant/1.10.3/ant-1.10.3.jar:/Users/jay/.m2/repository/org/apache/ant/ant-launcher/1.10.3/ant-launcher-1.10.3.jar:/Users/jay/.m2/repository/commons-validator/commons-validator/1.6/commons-validator-1.6.jar:/Users/jay/.m2/repository/commons-beanutils/commons-beanutils/1.9.2/commons-beanutils-1.9.2.jar:/Users/jay/.m2/repository/commons-digester/commons-digester/1.8.1/commons-digester-1.8.1.jar:/Users/jay/.m2/repository/commons-collections/commons-collections/3.2.2/commons-collections-3.2.2.jar:/Users/jay/.m2/repository/org/springframework/spring-context/5.1.0.RELEASE/spring-context-5.1.0.RELEASE.jar:/Users/jay/.m2/repository/org/springframework/spring-aop/5.1.0.RELEASE/spring-aop-5.1.0.RELEASE.jar:/Users/jay/.m2/repository/org/springframework/spring-beans/5.1.0.RELEASE/spring-beans-5.1.0.RELEASE.jar:/Users/jay/.m2/repository/org/springframework/spring-core/5.1.0.RELEASE/spring-core-5.1.0.RELEASE.jar:/Users/jay/.m2/repository/org/springframework/spring-jcl/5.1.0.RELEASE/spring-jcl-5.1.0.RELEASE.jar:/Users/jay/.m2/repository/org/springframework/spring-expression/5.1.0.RELEASE/spring-expression-5.1.0.RELEASE.jar:/Users/jay/.m2/repository/org/aspectj/aspectjweaver/1.9.1/aspectjweaver-1.9.1.jar:/Users/jay/.m2/repository/org/slf4j/slf4j-api/1.7.25/slf4j-api-1.7.25.jar:/Users/jay/.m2/repository/com/helger/ph-css/6.1.1/ph-css-6.1.1.jar:/Users/jay/.m2/repository/com/helger/ph-commons/9.0.2/ph-commons-9.0.2.jar:/Users/jay/.m2/repository/javax/activation/activation/1.1.1/activation-1.1.1.jar:/Users/jay/.m2/repository/com/aventstack/extentreports/3.0.0/extentreports-3.0.0.jar:/Users/jay/.m2/repository/org/freemarker/freemarker/2.3.23/freemarker-2.3.23.jar:/Users/jay/.m2/repository/org/mongodb/mongodb-driver/3.3.0/mongodb-driver-3.3.0.jar:/Users/jay/.m2/repository/org/mongodb/bson/3.3.0/bson-3.3.0.jar:/Users/jay/.m2/repository/org/mongodb/mongodb-driver-core/3.3.0/mongodb-driver-core-3.3.0.jar:/Users/jay/.m2/repository/org/apache/httpcomponents/httpclient/4.5.2/httpclient-4.5.2.jar:/Users/jay/.m2/repository/org/apache/httpcomponents/httpcore/4.4.4/httpcore-4.4.4.jar:/Users/jay/.m2/repository/commons-logging/commons-logging/1.2/commons-logging-1.2.jar:/Users/jay/.m2/repository/org/apache/httpcomponents/httpmime/4.5.2/httpmime-4.5.2.jar:/Users/jay/.m2/repository/org/testng/testng/6.14.3/testng-6.14.3.jar:/Users/jay/.m2/repository/com/beust/jcommander/1.72/jcommander-1.72.jar:/Users/jay/.m2/repository/org/apache-extras/beanshell/bsh/2.0b6/bsh-2.0b6.jar:/Users/jay/.m2/repository/io/cucumber/cucumber-java/4.2.0/cucumber-java-4.2.0.jar:/Users/jay/.m2/repository/io/cucumber/cucumber-core/4.2.0/cucumber-core-4.2.0.jar:/Users/jay/.m2/repository/io/cucumber/cucumber-html/0.2.7/cucumber-html-0.2.7.jar:/Users/jay/.m2/repository/io/cucumber/gherkin/5.1.0/gherkin-5.1.0.jar:/Users/jay/.m2/repository/io/cucumber/tag-expressions/1.1.1/tag-expressions-1.1.1.jar:/Users/jay/.m2/repository/io/cucumber/cucumber-expressions/6.2.0/cucumber-expressions-6.2.0.jar:/Users/jay/.m2/repository/io/cucumber/datatable/1.1.7/datatable-1.1.7.jar:/Users/jay/.m2/repository/io/cucumber/datatable-dependencies/1.1.7/datatable-dependencies-1.1.7.jar:/Users/jay/.m2/repository/info/cukes/cucumber-testng/1.2.5/cucumber-testng-1.2.5.jar:/Users/jay/.m2/repository/info/cukes/cucumber-core/1.2.5/cucumber-core-1.2.5.jar:/Users/jay/.m2/repository/info/cukes/cucumber-html/0.2.3/cucumber-html-0.2.3.jar:/Users/jay/.m2/repository/info/cukes/cucumber-jvm-deps/1.0.5/cucumber-jvm-deps-1.0.5.jar:/Users/jay/.m2/repository/info/cukes/gherkin/2.12.2/gherkin-2.12.2.jar:/Users/jay/.m2/repository/junit/junit/4.12/junit-4.12.jar:/Users/jay/.m2/repository/org/hamcrest/hamcrest-core/1.3/hamcrest-core-1.3.jar:/Users/jay/.m2/repository/org/junit/jupiter/junit-jupiter-engine/5.0.0-M1/junit-jupiter-engine-5.0.0-M1.jar:/Users/jay/.m2/repository/org/junit/platform/junit-platform-engine/1.0.0-M1/junit-platform-engine-1.0.0-M1.jar:/Users/jay/.m2/repository/org/junit/platform/junit-platform-commons/1.0.0-M1/junit-platform-commons-1.0.0-M1.jar:/Users/jay/.m2/repository/org/opentest4j/opentest4j/1.0.0-M1/opentest4j-1.0.0-M1.jar:/Users/jay/.m2/repository/org/junit/jupiter/junit-jupiter-api/5.0.0-M1/junit-jupiter-api-5.0.0-M1.jar:/Users/jay/.m2/repository/org/apache/poi/poi/3.17/poi-3.17.jar:/Users/jay/.m2/repository/commons-codec/commons-codec/1.10/commons-codec-1.10.jar:/Users/jay/.m2/repository/org/apache/commons/commons-collections4/4.1/commons-collections4-4.1.jar:/Users/jay/.m2/repository/org/apache/poi/poi-ooxml/3.17/poi-ooxml-3.17.jar:/Users/jay/.m2/repository/org/apache/poi/poi-ooxml-schemas/3.17/poi-ooxml-schemas-3.17.jar:/Users/jay/.m2/repository/org/apache/xmlbeans/xmlbeans/2.6.0/xmlbeans-2.6.0.jar:/Users/jay/.m2/repository/stax/stax-api/1.0.1/stax-api-1.0.1.jar:/Users/jay/.m2/repository/com/github/virtuald/curvesapi/1.04/curvesapi-1.04.jar:"/>
    <property name="sun.cpu.endian" value="little"/>
    <property name="user.home" value="/Users/jay"/>
    <property name="user.language" value="en"/>
    <property name="java.specification.vendor" value="Oracle Corporation"/>
    <property name="java.home" value="/Library/Java/JavaVirtualMachines/jdk1.8.0_191.jdk/Contents/Home/jre"/>
    <property name="basedir" value="/Users/jay/eclipse-workspace/Project"/>
    <property name="file.separator" value="/"/>
    <property name="line.separator" value="&#10;"/>
    <property name="java.vm.specification.vendor" value="Oracle Corporation"/>
    <property name="java.specification.name" value="Java Platform API Specification"/>
    <property name="java.awt.graphicsenv" value="sun.awt.CGraphicsEnvironment"/>
    <property name="surefire.real.class.path" value="/Users/jay/eclipse-workspace/Project/target/surefire/surefirebooter7495756350445278530.jar"/>
    <property name="sun.boot.class.path" value="/Library/Java/JavaVirtualMachines/jdk1.8.0_191.jdk/Contents/Home/jre/lib/resources.jar:/Library/Java/JavaVirtualMachines/jdk1.8.0_191.jdk/Contents/Home/jre/lib/rt.jar:/Library/Java/JavaVirtualMachines/jdk1.8.0_191.jdk/Contents/Home/jre/lib/sunrsasign.jar:/Library/Java/JavaVirtualMachines/jdk1.8.0_191.jdk/Contents/Home/jre/lib/jsse.jar:/Library/Java/JavaVirtualMachines/jdk1.8.0_191.jdk/Contents/Home/jre/lib/jce.jar:/Library/Java/JavaVirtualMachines/jdk1.8.0_191.jdk/Contents/Home/jre/lib/charsets.jar:/Library/Java/JavaVirtualMachines/jdk1.8.0_191.jdk/Contents/Home/jre/lib/jfr.jar:/Library/Java/JavaVirtualMachines/jdk1.8.0_191.jdk/Contents/Home/jre/classes"/>
    <property name="sun.management.compiler" value="HotSpot 64-Bit Tiered Compilers"/>
    <property name="java.runtime.version" value="1.8.0_191-b12"/>
    <property name="user.name" value="jay"/>
    <property name="path.separator" value=":"/>
    <property name="os.version" value="10.14"/>
    <property name="java.endorsed.dirs" value="/Library/Java/JavaVirtualMachines/jdk1.8.0_191.jdk/Contents/Home/jre/lib/endorsed"/>
    <property name="java.runtime.name" value="Java(TM) SE Runtime Environment"/>
    <property name="file.encoding" value="UTF-8"/>
    <property name="java.vm.name" value="Java HotSpot(TM) 64-Bit Server VM"/>
    <property name="localRepository" value="/Users/jay/.m2/repository"/>
    <property name="java.vendor.url.bug" value="http://bugreport.sun.com/bugreport/"/>
    <property name="java.io.tmpdir" value="/var/folders/s6/h3svzd2j4f38mynfc0sb0fw40000gn/T/"/>
    <property name="java.version" value="1.8.0_191"/>
    <property name="user.dir" value="/Users/jay/eclipse-workspace/Project"/>
    <property name="os.arch" value="x86_64"/>
    <property name="java.vm.specification.name" value="Java Virtual Machine Specification"/>
    <property name="java.awt.printerjob" value="sun.lwawt.macosx.CPrinterJob"/>
    <property name="sun.os.patch.level" value="unknown"/>
    <property name="java.library.path" value="/Users/jay/Library/Java/Extensions:/Library/Java/Extensions:/Network/Library/Java/Extensions:/System/Library/Java/Extensions:/usr/lib/java:."/>
    <property name="java.vm.info" value="mixed mode"/>
    <property name="java.vendor" value="Oracle Corporation"/>
    <property name="java.vm.version" value="25.191-b12"/>
    <property name="java.ext.dirs" value="/Users/jay/Library/Java/Extensions:/Library/Java/JavaVirtualMachines/jdk1.8.0_191.jdk/Contents/Home/jre/lib/ext:/Library/Java/Extensions:/Network/Library/Java/Extensions:/System/Library/Java/Extensions:/usr/lib/java"/>
    <property name="sun.io.unicode.encoding" value="UnicodeBig"/>
    <property name="java.class.version" value="52.0"/>
  </properties>
  <testcase name="i_am_not_a_user_of_Agate_I_open_a_browser" classname="Stepdef.Popbitch_register_First_Use_notice" time="1.814"/>
  <testcase name="i_navigate_to_popbitch_com_from_the_browser" classname="Stepdef.Popbitch_register_First_Use_notice" time="8.896"/>
  <testcase name="i_click_on_the_create_agate_wallet_from_the_first_use_notice" classname="Stepdef.Popbitch_register_First_Use_notice" time="11.159"/>
  <testcase name="i_verify_that_the_create_wallet_button_navigates_me_to_the_sign_up_page" classname="Stepdef.Popbitch_register_First_Use_notice" time="32.896"/>
  <testcase name="i_enter_the_correct_details_and_hit_the_Register_button" classname="Stepdef.Popbitch_register_First_Use_notice" time="35.557"/>
  <testcase name="i_login_successfully" classname="Stepdef.Popbitch_register_First_Use_notice" time="5.024"/>
  <testcase name="finish_Notice_appears" classname="Stepdef.Popbitch_register_First_Use_notice" time="24.67"/>
  <testcase name="finish_notice_elements_are_displayed" classname="Stepdef.Popbitch_register_First_Use_notice" time="33.98"/>
  <testcase name="i_am_a_registered_user_I_open_the_browser" classname="Stepdef.Popbitch_login_First_Use_Notice" time="1.171"/>
  <testcase name="i_navigate_to_popbitch_com" classname="Stepdef.Popbitch_login_First_Use_Notice" time="7.783"/>
  <testcase name="i_Click_on_Login_to_Agate_from_the_Pop_Bitch_First_use_notice" classname="Stepdef.Popbitch_login_First_Use_Notice" time="20.191"/>
  <testcase name="i_verify_that_the_Login_Button_Navigates_me_to_the_login_page" classname="Stepdef.Popbitch_login_First_Use_Notice" time="10.427"/>
  <testcase name="i_Login_with_correct_Details" classname="Stepdef.Popbitch_login_First_Use_Notice" time="8.058"/>
  <testcase name="i_verify_that_I_am_navigated_to_the_full_article" classname="Stepdef.Popbitch_login_First_Use_Notice" time="40.652"/>
  <testcase name="i_am_a_registered_Agate_User_and_I_login_in_to_popbitch_staging_with_username_as_and_password_as" classname="Stepdef.popbitch_transaction" time="55.325"/>
  <testcase name="i_read_a_premium_article" classname="Stepdef.popbitch_transaction" time="12.884"/>
  <testcase name="the_wallet_balance_and_free_point_are_deducted_by_p" classname="Stepdef.popbitch_transaction" time="8.148"/>
  <testcase name="the_New_European_wallet_balance_is_updated_same_as_popbitch_and_free_point_remains_uneffected" classname="Stepdef.popbitch_transaction" time="0"/>
  <testcase name="reactions_wallet_balance_is_updated_and_free_point_remains_uneffected" classname="Stepdef.popbitch_transaction" time="21.497"/>
  <testcase name="Cornwall_wallet_balance_is_updated_and_free_point_remains_uneffected" classname="Stepdef.popbitch_transaction" time="16.009"/>
  <testcase name="cricketer_wallet_balance_remains_and_is_uneffected" classname="Stepdef.popbitch_transaction" time="16.263"/>
</testsuite>