<?xml version="1.0" encoding="UTF-8"?>
<!-- Generated by org.testng.reporters.JUnitReportReporter -->
<testsuite skipped="0" hostname="Jayarees-MacBook-Pro.local" name="Stepdef.Fenland_Login" tests="6" failures="0" timestamp="20 Aug 2019 09:41:54 GMT" time="75.983" errors="0">
  <testcase name="i_am_a_registered_user_of_fenland_and_I_open_a_browser" time="1.266" classname="Stepdef.Fenland_Login"/>
  <testcase name="i_navigate_to_a_premium_article_on_fenland" time="14.994" classname="Stepdef.Fenland_Login"/>
  <testcase name="i_click_on_Login_from_fenland_First_use_notice" time="21.113" classname="Stepdef.Fenland_Login"/>
  <testcase name="i_verify_that_the_Login_Button_Navigates_me_to_the_login_page_to_log_me_in_to_fenland" time="10.445" classname="Stepdef.Fenland_Login"/>
  <testcase name="entering_the_correct_email_and_password_logs_me_in_to_fenland" time="9.010" classname="Stepdef.Fenland_Login"/>
  <testcase name="verify_that_I_am_being_navigated_to_the_same_article_on_fenland" time="19.155" classname="Stepdef.Fenland_Login"/>
</testsuite> <!-- Stepdef.Fenland_Login -->
