<?xml version="1.0" encoding="UTF-8"?>
<!-- Generated by org.testng.reporters.JUnitReportReporter -->
<testsuite skipped="0" hostname="Jayarees-MacBook-Pro.local" name="Stepdef.Spalding_register" tests="6" failures="0" timestamp="19 Aug 2019 16:12:25 GMT" time="144.802" errors="0">
  <testcase name="i_am_not_a_user_of_agate_on_spalding_and_I_open_a_browser" time="1.457" classname="Stepdef.Spalding_register"/>
  <testcase name="i_navigate_to_a_premium_article_on_spalding" time="11.546" classname="Stepdef.Spalding_register"/>
  <testcase name="i_click_on_the_create_wallet_button_on_spalding" time="23.304" classname="Stepdef.Spalding_register"/>
  <testcase name="i_verify_that_the_create_wallet_button_takes_me_to_the_reg_page_on_spalding" time="12.036" classname="Stepdef.Spalding_register"/>
  <testcase name="i_enter_all_the_details_successfully_on_reg_page_of_spalding" time="47.221" classname="Stepdef.Spalding_register"/>
  <testcase name="i_am_registered_as_an_agate_user_on_spalding_successfully_and_I_am_shown_a_first_use_notice" time="49.238" classname="Stepdef.Spalding_register"/>
</testsuite> <!-- Stepdef.Spalding_register -->
