<?xml version="1.0" encoding="UTF-8"?>
<!-- Generated by org.testng.reporters.JUnitReportReporter -->
<testsuite skipped="0" hostname="Jayarees-MacBook-Pro.local" name="Stepdef.Register_From_Popbitch_Firstuse_Notice" tests="8" failures="0" timestamp="11 Mar 2019 09:51:09 GMT" time="130.145" errors="0">
  <testcase name="i_am_not_a_user_of_Agate_I_open_a_browser" time="1.885" classname="Stepdef.Register_From_Popbitch_Firstuse_Notice"/>
  <testcase name="i_navigate_to_popbitch_com_from_the_browser" time="5.644" classname="Stepdef.Register_From_Popbitch_Firstuse_Notice"/>
  <testcase name="i_click_on_the_create_agate_wallet_from_the_first_use_notice" time="10.156" classname="Stepdef.Register_From_Popbitch_Firstuse_Notice"/>
  <testcase name="i_verify_that_the_create_wallet_button_navigates_me_to_the_sign_up_page" time="32.882" classname="Stepdef.Register_From_Popbitch_Firstuse_Notice"/>
  <testcase name="i_enter_the_correct_details_and_hit_the_Register_button" time="28.445" classname="Stepdef.Register_From_Popbitch_Firstuse_Notice"/>
  <testcase name="i_login_successfully" time="6.636" classname="Stepdef.Register_From_Popbitch_Firstuse_Notice"/>
  <testcase name="finish_Notice_appears" time="24.248" classname="Stepdef.Register_From_Popbitch_Firstuse_Notice"/>
  <testcase name="finish_notice_elements_are_displayed" time="20.249" classname="Stepdef.Register_From_Popbitch_Firstuse_Notice"/>
</testsuite> <!-- Stepdef.Register_From_Popbitch_Firstuse_Notice -->
