<?xml version="1.0" encoding="UTF-8"?>
<!-- Generated by org.testng.reporters.JUnitReportReporter -->
<testsuite skipped="0" hostname="Jayarees-MacBook-Pro.local" name="Stepdef.Maidenhead_Register" tests="6" failures="0" timestamp="17 Jun 2019 13:45:26 GMT" time="162.828" errors="0">
  <testcase name="i_am_not_a_user_of_agate_on_maidenhead_and_I_open_a_browser" time="1.742" classname="Stepdef.Maidenhead_Register"/>
  <testcase name="i_navigate_to_a_premium_article_on_maidenhead" time="12.282" classname="Stepdef.Maidenhead_Register"/>
  <testcase name="i_click_on_the_create_wallet_button_on_maidenhead" time="19.678" classname="Stepdef.Maidenhead_Register"/>
  <testcase name="i_verify_that_the_create_wallet_button_takes_me_to_the_reg_page_on_maidenhead" time="12.033" classname="Stepdef.Maidenhead_Register"/>
  <testcase name="i_enter_all_the_details_successfully_on_reg_page" time="43.216" classname="Stepdef.Maidenhead_Register"/>
  <testcase name="i_am_registered_as_an_agate_user_on_maidenhead_successfully_and_I_am_shown_a_first_use_notice" time="73.877" classname="Stepdef.Maidenhead_Register"/>
</testsuite> <!-- Stepdef.Maidenhead_Register -->
