<?xml version="1.0" encoding="UTF-8"?>
<!-- Generated by org.testng.reporters.JUnitReportReporter -->
<testsuite skipped="0" hostname="Jayarees-MacBook-Pro.local" name="Stepdef.Stamford_Register" tests="6" failures="0" timestamp="06 Sep 2019 09:22:37 GMT" time="184.106" errors="0">
  <testcase name="i_am_not_a_user_of_agate_on_stamford_and_I_open_a_browser" time="1.596" classname="Stepdef.Stamford_Register"/>
  <testcase name="i_navigate_to_a_premium_article_on_stamford" time="46.897" classname="Stepdef.Stamford_Register"/>
  <testcase name="i_click_on_the_create_wallet_button_on_stamford" time="24.126" classname="Stepdef.Stamford_Register"/>
  <testcase name="i_verify_that_the_create_wallet_button_takes_me_to_the_reg_page_on_stamford" time="12.061" classname="Stepdef.Stamford_Register"/>
  <testcase name="i_enter_all_the_details_successfully_on_reg_page_of_stamford" time="48.536" classname="Stepdef.Stamford_Register"/>
  <testcase name="i_am_registered_as_an_agate_user_on_stamford_successfully_and_I_am_shown_a_first_use_notice" time="50.890" classname="Stepdef.Stamford_Register"/>
</testsuite> <!-- Stepdef.Stamford_Register -->
