<?xml version="1.0" encoding="UTF-8"?>
<!-- Generated by org.testng.reporters.JUnitReportReporter -->
<testsuite skipped="0" hostname="Jayarees-MacBook-Pro.local" name="Stepdef.newbury_Reg" tests="6" failures="0" timestamp="20 Aug 2019 08:57:14 GMT" time="188.003" errors="0">
  <testcase name="i_am_not_a_user_of_agate_on_Newbury_and_I_open_a_browser" time="1.766" classname="Stepdef.newbury_Reg"/>
  <testcase name="i_navigate_to_a_premium_article_on_Newbury" time="14.000" classname="Stepdef.newbury_Reg"/>
  <testcase name="i_click_on_the_create_wallet_button_on_Newbury" time="19.779" classname="Stepdef.newbury_Reg"/>
  <testcase name="i_verify_that_the_create_wallet_button_takes_me_to_the_reg_page_on_Newbury" time="12.037" classname="Stepdef.newbury_Reg"/>
  <testcase name="i_enter_all_the_details_successfully_on_reg_page_on_Newbury" time="47.259" classname="Stepdef.newbury_Reg"/>
  <testcase name="i_am_registered_as_an_agate_user_on_newbury_successfully_and_I_am_shown_a_first_use_notice" time="93.162" classname="Stepdef.newbury_Reg"/>
</testsuite> <!-- Stepdef.newbury_Reg -->
