<?xml version="1.0" encoding="UTF-8"?>
<!-- Generated by org.testng.reporters.JUnitReportReporter -->
<testsuite skipped="0" hostname="Jayarees-MacBook-Pro.local" name="Stepdef.Grantham_Register" tests="6" failures="0" timestamp="16 Aug 2019 13:59:32 GMT" time="146.548" errors="0">
  <testcase name="i_am_not_a_user_of_agate_on_Grantham_and_I_open_a_browser" time="1.483" classname="Stepdef.Grantham_Register"/>
  <testcase name="i_navigate_to_a_premium_article_on_Grantham" time="12.022" classname="Stepdef.Grantham_Register"/>
  <testcase name="i_click_on_the_create_wallet_button_on_Grantham" time="19.206" classname="Stepdef.Grantham_Register"/>
  <testcase name="i_verify_that_the_create_wallet_button_takes_me_to_the_reg_page_on_Grantham" time="12.031" classname="Stepdef.Grantham_Register"/>
  <testcase name="i_enter_all_the_details_successfully_on_reg_page_of_Grantham" time="47.167" classname="Stepdef.Grantham_Register"/>
  <testcase name="i_am_registered_as_an_agate_user_on_Grantham_successfully_and_I_am_shown_a_first_use_notice" time="54.639" classname="Stepdef.Grantham_Register"/>
</testsuite> <!-- Stepdef.Grantham_Register -->
