<?xml version="1.0" encoding="UTF-8"?>
<!-- Generated by org.testng.reporters.JUnitReportReporter -->
<testsuite skipped="0" hostname="Jayarees-MacBook-Pro.local" name="Stepdef.Newbury_Transaction" tests="10" failures="0" timestamp="05 Sep 2019 15:21:58 GMT" time="175.968" errors="0">
  <testcase name="i_am_a_registered_Agate_User_and_I_login_in_to_newbury" time="63.973" classname="Stepdef.Newbury_Transaction"/>
  <testcase name="i_read_a_premium_article_on_newbury" time="11.902" classname="Stepdef.Newbury_Transaction"/>
  <testcase name="the_wallet_balance_and_free_point_are_deducted_by_x_amount_on_newbury_wallet" time="10.154" classname="Stepdef.Newbury_Transaction"/>
  <testcase name="the_popbitch_wallet_balance_is_updated_same_as_newbury_and_free_point_remains_uneffected" time="13.449" classname="Stepdef.Newbury_Transaction"/>
  <testcase name="reactions_wallet_balance_is_updated_and_free_point_remains_uneffected_by_newbury" time="10.348" classname="Stepdef.Newbury_Transaction"/>
  <testcase name="cricketer_wallet_balance_is_updated_and_free_point_remains_unaffected_by_newbury" time="10.924" classname="Stepdef.Newbury_Transaction"/>
  <testcase name="cornwall_wallet_balance_remains_and_is_uneffected_according_to_newbury" time="10.338" classname="Stepdef.Newbury_Transaction"/>
  <testcase name="maidenhead_wallet_balance_remains_and_is_uneffected_by_newbury" time="15.275" classname="Stepdef.Newbury_Transaction"/>
  <testcase name="slough_wallet_balance_remains_and_is_uneffected_by_newbury" time="13.758" classname="Stepdef.Newbury_Transaction"/>
  <testcase name="windsor_wallet_balance_remains_and_is_uneffected_by_newbury" time="15.847" classname="Stepdef.Newbury_Transaction"/>
</testsuite> <!-- Stepdef.Newbury_Transaction -->
