<?xml version="1.0" encoding="UTF-8"?>
<!-- Generated by org.testng.reporters.JUnitReportReporter -->
<testsuite skipped="0" hostname="Jayarees-MacBook-Pro.local" name="Stepdef.Reaction_register_first_use_notice" tests="6" failures="0" timestamp="12 Aug 2019 09:59:34 GMT" time="213.686" errors="0">
  <testcase name="i_am_not_a_user_of_agate_on_reaction_and_I_open_a_browser" time="1.400" classname="Stepdef.Reaction_register_first_use_notice"/>
  <testcase name="i_navigate_to_a_premium_article_on_reaction" time="13.178" classname="Stepdef.Reaction_register_first_use_notice"/>
  <testcase name="i_click_on_the_create_wallet_button_of_reaction_first_use_notice" time="51.638" classname="Stepdef.Reaction_register_first_use_notice"/>
  <testcase name="i_verify_that_the_create_wallet_button_on_reaction_first_use_notice_takes_me_to_the_reg_page" time="22.041" classname="Stepdef.Reaction_register_first_use_notice"/>
  <testcase name="i_enter_all_the_details_successfully_on_the_reg_page" time="52.372" classname="Stepdef.Reaction_register_first_use_notice"/>
  <testcase name="i_am_registered_as_an_agate_user_on_reaction_successfully_and_I_am_shown_a_first_use_notice" time="73.057" classname="Stepdef.Reaction_register_first_use_notice"/>
</testsuite> <!-- Stepdef.Reaction_register_first_use_notice -->
