<?xml version="1.0" encoding="UTF-8"?>
<!-- Generated by org.testng.reporters.JUnitReportReporter -->
<testsuite skipped="0" hostname="Jayarees-MacBook-Pro.local" name="Stepdef.Reaction_Login_first_use_notice" tests="6" failures="0" timestamp="09 Sep 2019 10:48:08 GMT" time="99.625" errors="0">
  <testcase name="i_am_a_registered_user_of_reaction_and_I_open_a_browser" time="1.073" classname="Stepdef.Reaction_Login_first_use_notice"/>
  <testcase name="i_navigate_to_a_premium_article_on_reaction_life" time="12.556" classname="Stepdef.Reaction_Login_first_use_notice"/>
  <testcase name="i_click_on_Login_from_reaction_First_use_notice" time="33.133" classname="Stepdef.Reaction_Login_first_use_notice"/>
  <testcase name="i_verify_that_the_Login_Button_Navigates_me_to_the_login_page_to_log_me_in_to_reaction" time="2.017" classname="Stepdef.Reaction_Login_first_use_notice"/>
  <testcase name="entering_the_correct_email_and_password_logs_me_in_to_reaction" time="6.442" classname="Stepdef.Reaction_Login_first_use_notice"/>
  <testcase name="verify_that_I_am_being_navigated_to_the_same_article" time="44.404" classname="Stepdef.Reaction_Login_first_use_notice"/>
</testsuite> <!-- Stepdef.Reaction_Login_first_use_notice -->
