<?xml version="1.0" encoding="UTF-8"?>
<!-- Generated by org.testng.reporters.JUnitReportReporter -->
<testsuite skipped="0" hostname="Jayarees-MacBook-Pro.local" name="Stepdef.Cricketer_login_first_use_notice" tests="6" failures="0" timestamp="05 Sep 2019 11:18:50 GMT" time="103.451" errors="0">
  <testcase name="i_am_a_registered_user_of_Cricketer_and_I_open_a_browser" time="1.091" classname="Stepdef.Cricketer_login_first_use_notice"/>
  <testcase name="i_navigate_to_a_premium_article_on_Cricketer" time="13.975" classname="Stepdef.Cricketer_login_first_use_notice"/>
  <testcase name="i_click_on_Login_from_Cricketer_First_use_notice" time="21.072" classname="Stepdef.Cricketer_login_first_use_notice"/>
  <testcase name="i_verify_that_the_Login_Button_Navigates_me_to_the_login_page_to_log_me_in_to_Cricketer" time="10.426" classname="Stepdef.Cricketer_login_first_use_notice"/>
  <testcase name="entering_the_correct_email_and_password_logs_me_in_to_Cricketer" time="7.672" classname="Stepdef.Cricketer_login_first_use_notice"/>
  <testcase name="verify_that_I_am_being_navigated_to_the_same_article_on_cricketer" time="49.215" classname="Stepdef.Cricketer_login_first_use_notice"/>
</testsuite> <!-- Stepdef.Cricketer_login_first_use_notice -->
