<?xml version="1.0" encoding="UTF-8"?>
<!-- Generated by org.testng.reporters.JUnitReportReporter -->
<testsuite skipped="0" hostname="Jayarees-MacBook-Pro.local" name="Elements.Voucher_Generation" tests="1" failures="0" timestamp="30 Apr 2019 09:46:05 GMT" time="0.020" errors="0">
  <testcase name="createRandomCode" time="0.020" classname="Elements.Voucher_Generation"/>
</testsuite> <!-- Elements.Voucher_Generation -->
