<?xml version="1.0" encoding="UTF-8"?>
<!-- Generated by org.testng.reporters.JUnitReportReporter -->
<testsuite skipped="0" hostname="Jayarees-MacBook-Pro.local" name="Stepdef.Grantham_Login" tests="6" failures="0" timestamp="11 Sep 2019 16:11:31 GMT" time="70.385" errors="0">
  <testcase name="i_am_a_registered_user_of_grantham_and_I_open_a_browser" time="2.222" classname="Stepdef.Grantham_Login"/>
  <testcase name="i_navigate_to_a_premium_article_on_grantham" time="12.997" classname="Stepdef.Grantham_Login"/>
  <testcase name="i_click_on_Login_from_grantham_First_use_notice" time="21.118" classname="Stepdef.Grantham_Login"/>
  <testcase name="i_verify_that_the_Login_Button_Navigates_me_to_the_login_page_to_log_me_in_to_grantham" time="10.332" classname="Stepdef.Grantham_Login"/>
  <testcase name="entering_the_correct_email_and_password_logs_me_in_to_grantham" time="7.166" classname="Stepdef.Grantham_Login"/>
  <testcase name="verify_that_I_am_being_navigated_to_the_same_article_on_grantham" time="16.550" classname="Stepdef.Grantham_Login"/>
</testsuite> <!-- Stepdef.Grantham_Login -->
