<?xml version="1.0" encoding="UTF-8"?>
<!-- Generated by org.testng.reporters.JUnitReportReporter -->
<testsuite skipped="0" hostname="Jayarees-MacBook-Pro.local" name="Stepdef.Cornwall_Login_from_FUN" tests="6" failures="0" timestamp="12 Aug 2019 10:24:22 GMT" time="115.934" errors="0">
  <testcase name="i_am_a_registered_user_of_Cornwall_and_I_open_a_browser" time="0.843" classname="Stepdef.Cornwall_Login_from_FUN"/>
  <testcase name="i_navigate_to_a_premium_article_on_Cornwall" time="13.639" classname="Stepdef.Cornwall_Login_from_FUN"/>
  <testcase name="i_click_on_Login_from_Cornwall_First_use_notice" time="31.137" classname="Stepdef.Cornwall_Login_from_FUN"/>
  <testcase name="i_verify_that_the_Login_Button_Navigates_me_to_the_login_page_to_log_me_in_to_Cornwall" time="10.417" classname="Stepdef.Cornwall_Login_from_FUN"/>
  <testcase name="entering_the_correct_email_and_password_logs_me_in_to_Cornwall" time="8.058" classname="Stepdef.Cornwall_Login_from_FUN"/>
  <testcase name="verify_that_I_am_being_navigated_to_the_same_article_on_Cornwall" time="51.840" classname="Stepdef.Cornwall_Login_from_FUN"/>
</testsuite> <!-- Stepdef.Cornwall_Login_from_FUN -->
