<?xml version="1.0" encoding="UTF-8"?>
<!-- Generated by org.testng.reporters.JUnitReportReporter -->
<testsuite skipped="0" hostname="Jayarees-MacBook-Pro.local" name="Stepdef.Reach_register" tests="6" failures="0" timestamp="05 Sep 2019 09:21:26 GMT" time="146.719" errors="0">
  <testcase name="i_am_not_a_user_of_agate_on_reach_and_I_open_a_browser" time="1.549" classname="Stepdef.Reach_register"/>
  <testcase name="i_navigate_to_a_premium_article_on_reach" time="13.465" classname="Stepdef.Reach_register"/>
  <testcase name="i_click_on_the_create_wallet_button_on_reach" time="22.468" classname="Stepdef.Reach_register"/>
  <testcase name="i_verify_that_the_create_wallet_button_takes_me_to_the_reg_page_on_reach" time="12.038" classname="Stepdef.Reach_register"/>
  <testcase name="i_enter_all_the_details_successfully_on_reg_page_of_reach" time="45.022" classname="Stepdef.Reach_register"/>
  <testcase name="i_am_registered_as_an_agate_user_on_reach_successfully_and_I_am_shown_a_first_use_notice" time="52.177" classname="Stepdef.Reach_register"/>
</testsuite> <!-- Stepdef.Reach_register -->
