<?xml version="1.0" encoding="UTF-8"?>
<!-- Generated by org.testng.reporters.JUnitReportReporter -->
<testsuite skipped="0" hostname="Jayarees-MacBook-Pro.local" name="Stepdef.popbitch_transaction" tests="8" failures="0" timestamp="09 Sep 2019 10:14:57 GMT" time="460.047" errors="0">
  <testcase name="i_am_a_registered_Agate_User_and_I_login_in_to_popbitch_staging_with_username_as_and_password_as" time="50.298" classname="Stepdef.popbitch_transaction"/>
  <testcase name="i_read_a_premium_article" time="11.649" classname="Stepdef.popbitch_transaction"/>
  <testcase name="the_wallet_balance_and_free_point_are_deducted_by_p" time="2.005" classname="Stepdef.popbitch_transaction"/>
  <testcase name="the_New_European_wallet_balance_is_updated_same_as_popbitch_and_free_point_remains_uneffected" time="0.000" classname="Stepdef.popbitch_transaction"/>
  <testcase name="reactions_wallet_balance_is_updated_and_free_point_remains_uneffected" time="95.243" classname="Stepdef.popbitch_transaction"/>
  <testcase name="Cornwall_wallet_balance_is_updated_and_free_point_remains_uneffected" time="122.154" classname="Stepdef.popbitch_transaction"/>
  <testcase name="cricketer_wallet_balance_remains_and_is_uneffected" time="86.861" classname="Stepdef.popbitch_transaction"/>
  <testcase name="slough_wallet_balance_remains_and_is_uneffected_by_popbitch" time="91.837" classname="Stepdef.popbitch_transaction"/>
</testsuite> <!-- Stepdef.popbitch_transaction -->
