<?xml version="1.0" encoding="UTF-8"?>
<!-- Generated by org.testng.reporters.JUnitReportReporter -->
<testsuite skipped="0" hostname="Jayarees-MacBook-Pro.local" name="Stepdef.Spalding_register" tests="1" failures="0" timestamp="21 Aug 2019 08:58:25 GMT" time="0.889" errors="0">
  <testcase name="i_am_not_a_user_of_agate_on_spalding_and_I_open_a_browser" time="0.889" classname="Stepdef.Spalding_register"/>
</testsuite> <!-- Stepdef.Spalding_register -->
