<?xml version="1.0" encoding="UTF-8"?>
<!-- Generated by org.testng.reporters.JUnitReportReporter -->
<testsuite skipped="0" hostname="Jayarees-MacBook-Pro.local" name="Stepdef.Maidenhead_Register" tests="6" failures="0" timestamp="05 Sep 2019 11:41:26 GMT" time="172.671" errors="0">
  <testcase name="i_am_not_a_user_of_agate_on_maidenhead_and_I_open_a_browser" time="1.804" classname="Stepdef.Maidenhead_Register"/>
  <testcase name="i_navigate_to_a_premium_article_on_maidenhead" time="12.489" classname="Stepdef.Maidenhead_Register"/>
  <testcase name="i_click_on_the_create_wallet_button_on_maidenhead" time="19.800" classname="Stepdef.Maidenhead_Register"/>
  <testcase name="i_verify_that_the_create_wallet_button_takes_me_to_the_reg_page_on_maidenhead" time="12.039" classname="Stepdef.Maidenhead_Register"/>
  <testcase name="i_enter_all_the_details_successfully_on_reg_page" time="46.109" classname="Stepdef.Maidenhead_Register"/>
  <testcase name="i_am_registered_as_an_agate_user_on_maidenhead_successfully_and_I_am_shown_a_first_use_notice" time="80.430" classname="Stepdef.Maidenhead_Register"/>
</testsuite> <!-- Stepdef.Maidenhead_Register -->
