<?xml version="1.0" encoding="UTF-8"?>
<!-- Generated by org.testng.reporters.JUnitReportReporter -->
<testsuite skipped="0" hostname="Jayarees-MacBook-Pro.local" name="Stepdef.Scifi_Register" tests="6" failures="0" timestamp="05 Sep 2019 14:52:27 GMT" time="156.867" errors="0">
  <testcase name="i_am_not_a_user_of_agate_on_Scifi_and_I_open_a_browser" time="1.677" classname="Stepdef.Scifi_Register"/>
  <testcase name="i_navigate_to_a_premium_article_on_Scifi" time="25.508" classname="Stepdef.Scifi_Register"/>
  <testcase name="i_click_on_the_create_wallet_button_on_scifi" time="19.111" classname="Stepdef.Scifi_Register"/>
  <testcase name="i_verify_that_the_create_wallet_button_takes_me_to_the_reg_page_on_scifi" time="12.032" classname="Stepdef.Scifi_Register"/>
  <testcase name="i_enter_all_the_details_successfully_on_reg_page_on_scifi" time="46.790" classname="Stepdef.Scifi_Register"/>
  <testcase name="i_am_registered_as_an_agate_user_on_scifi_successfully_and_I_am_shown_a_first_use_notice" time="51.749" classname="Stepdef.Scifi_Register"/>
</testsuite> <!-- Stepdef.Scifi_Register -->
