<?xml version="1.0" encoding="UTF-8"?>
<!-- Generated by org.testng.reporters.JUnitReportReporter -->
<testsuite skipped="0" hostname="Jayarees-MacBook-Pro.local" name="Stepdef.Password_negative_tests" tests="1" failures="0" timestamp="22 Jan 2019 13:20:22 GMT" time="1.720" errors="0">
  <testcase name="i_am_not_a_user_of_Agate_I_open_a_browser" time="1.720" classname="Stepdef.Password_negative_tests"/>
</testsuite> <!-- Stepdef.Password_negative_tests -->
