<?xml version="1.0" encoding="UTF-8"?>
<!-- Generated by org.testng.reporters.JUnitReportReporter -->
<testsuite skipped="0" hostname="Jayarees-MacBook-Pro.local" name="Stepdef.Reach_Login" tests="6" failures="0" timestamp="05 Sep 2019 09:21:26 GMT" time="75.394" errors="0">
  <testcase name="i_am_a_registered_user_of_reach_and_I_open_a_browser" time="1.074" classname="Stepdef.Reach_Login"/>
  <testcase name="i_navigate_to_a_premium_article_on_reach" time="14.737" classname="Stepdef.Reach_Login"/>
  <testcase name="i_click_on_Login_from_reach_First_use_notice" time="21.370" classname="Stepdef.Reach_Login"/>
  <testcase name="i_verify_that_the_Login_Button_Navigates_me_to_the_login_page_to_log_me_in_to_reach" time="10.041" classname="Stepdef.Reach_Login"/>
  <testcase name="entering_the_correct_email_and_password_logs_me_in_to_reach" time="13.595" classname="Stepdef.Reach_Login"/>
  <testcase name="verify_that_I_am_being_navigated_to_the_same_article_on_reach" time="14.577" classname="Stepdef.Reach_Login"/>
</testsuite> <!-- Stepdef.Reach_Login -->
