<?xml version="1.0" encoding="UTF-8"?>
<!-- Generated by org.testng.reporters.JUnitReportReporter -->
<testsuite skipped="0" hostname="Jayarees-MacBook-Pro.local" name="Stepdef.Cornwall_Register" tests="6" failures="0" timestamp="05 Sep 2019 11:31:12 GMT" time="270.357" errors="0">
  <testcase name="i_am_not_a_user_of_agate_on_cornwall_and_I_open_a_browser" time="1.660" classname="Stepdef.Cornwall_Register"/>
  <testcase name="i_navigate_to_a_premium_article_on_cornwall" time="12.709" classname="Stepdef.Cornwall_Register"/>
  <testcase name="i_click_on_the_create_wallet_button_of_reaction_first_use_notice_cornwall" time="79.421" classname="Stepdef.Cornwall_Register"/>
  <testcase name="i_verify_that_the_create_wallet_button_on_reaction_first_use_notice_takes_me_to_the_reg_page_on_cornwall" time="22.040" classname="Stepdef.Cornwall_Register"/>
  <testcase name="i_enter_all_the_details_successfully_on_the_reg_page_on_cornwall" time="51.308" classname="Stepdef.Cornwall_Register"/>
  <testcase name="i_am_registered_as_an_agate_user_on_cornwall_successfully_and_I_am_shown_a_first_use_notice" time="103.219" classname="Stepdef.Cornwall_Register"/>
</testsuite> <!-- Stepdef.Cornwall_Register -->
