<?xml version="1.0" encoding="UTF-8"?>
<!-- Generated by org.testng.reporters.JUnitReportReporter -->
<testsuite skipped="0" hostname="Jayarees-MacBook-Pro.local" name="Stepdef.Maidenhead_Register" tests="6" failures="0" timestamp="11 Sep 2019 10:24:14 GMT" time="179.100" errors="0">
  <testcase name="i_am_not_a_user_of_agate_on_maidenhead_and_I_open_a_browser" time="1.675" classname="Stepdef.Maidenhead_Register"/>
  <testcase name="i_navigate_to_a_premium_article_on_maidenhead" time="12.079" classname="Stepdef.Maidenhead_Register"/>
  <testcase name="i_click_on_the_create_wallet_button_on_maidenhead" time="18.987" classname="Stepdef.Maidenhead_Register"/>
  <testcase name="i_verify_that_the_create_wallet_button_takes_me_to_the_reg_page_on_maidenhead" time="12.035" classname="Stepdef.Maidenhead_Register"/>
  <testcase name="i_enter_all_the_details_successfully_on_reg_page" time="55.704" classname="Stepdef.Maidenhead_Register"/>
  <testcase name="i_am_registered_as_an_agate_user_on_maidenhead_successfully_and_I_am_shown_a_first_use_notice" time="78.620" classname="Stepdef.Maidenhead_Register"/>
</testsuite> <!-- Stepdef.Maidenhead_Register -->
