<?xml version="1.0" encoding="UTF-8"?>
<!-- Generated by org.testng.reporters.JUnitReportReporter -->
<testsuite skipped="0" hostname="Jayarees-MacBook-Pro.local" name="Stepdef.Grantham_Register" tests="6" failures="0" timestamp="06 Sep 2019 09:05:14 GMT" time="172.092" errors="0">
  <testcase name="i_am_not_a_user_of_agate_on_grantham_and_I_open_a_browser" time="2.000" classname="Stepdef.Grantham_Register"/>
  <testcase name="i_navigate_to_a_premium_article_on_grantham" time="33.844" classname="Stepdef.Grantham_Register"/>
  <testcase name="i_click_on_the_create_wallet_button_on_grantham" time="23.248" classname="Stepdef.Grantham_Register"/>
  <testcase name="i_verify_that_the_create_wallet_button_takes_me_to_the_reg_page_on_grantham" time="12.033" classname="Stepdef.Grantham_Register"/>
  <testcase name="i_enter_all_the_details_successfully_on_reg_page_of_grantham" time="47.360" classname="Stepdef.Grantham_Register"/>
  <testcase name="i_am_registered_as_an_agate_user_on_grantham_successfully_and_I_am_shown_a_first_use_notice" time="53.607" classname="Stepdef.Grantham_Register"/>
</testsuite> <!-- Stepdef.Grantham_Register -->
