<?xml version="1.0" encoding="UTF-8"?>
<!-- Generated by org.testng.reporters.JUnitReportReporter -->
<testsuite skipped="0" hostname="Jayarees-MacBook-Pro.local" name="Stepdef.Grantham_Register" tests="6" failures="0" timestamp="11 Sep 2019 16:11:31 GMT" time="158.323" errors="0">
  <testcase name="i_am_not_a_user_of_agate_on_grantham_and_I_open_a_browser" time="2.102" classname="Stepdef.Grantham_Register"/>
  <testcase name="i_navigate_to_a_premium_article_on_grantham" time="12.061" classname="Stepdef.Grantham_Register"/>
  <testcase name="i_click_on_the_create_wallet_button_on_grantham" time="23.083" classname="Stepdef.Grantham_Register"/>
  <testcase name="i_verify_that_the_create_wallet_button_takes_me_to_the_reg_page_on_grantham" time="12.041" classname="Stepdef.Grantham_Register"/>
  <testcase name="i_enter_all_the_details_successfully_on_reg_page_of_grantham" time="56.686" classname="Stepdef.Grantham_Register"/>
  <testcase name="i_am_registered_as_an_agate_user_on_grantham_successfully_and_I_am_shown_a_first_use_notice" time="52.350" classname="Stepdef.Grantham_Register"/>
</testsuite> <!-- Stepdef.Grantham_Register -->
