<?xml version="1.0" encoding="UTF-8"?>
<!-- Generated by org.testng.reporters.JUnitReportReporter -->
<testsuite skipped="0" hostname="Jayarees-MacBook-Pro.local" name="Stepdef.Stamford_transaction" tests="8" failures="0" timestamp="06 Sep 2019 09:22:37 GMT" time="186.892" errors="0">
  <testcase name="i_am_a_registered_Agate_User_and_I_login_in_to_stamford" time="82.986" classname="Stepdef.Stamford_transaction"/>
  <testcase name="i_read_a_premium_article_on_stamford" time="14.207" classname="Stepdef.Stamford_transaction"/>
  <testcase name="the_popbitch_wallet_balance_is_updated_same_as_stamford_and_free_point_remains_uneffected" time="13.693" classname="Stepdef.Stamford_transaction"/>
  <testcase name="reaction_wallet_balance_is_updated_and_free_point_remains_uneffected_same_as_stamford" time="14.805" classname="Stepdef.Stamford_transaction"/>
  <testcase name="cricketer_wallet_balance_remains_and_is_uneffected_by_stamford" time="14.561" classname="Stepdef.Stamford_transaction"/>
  <testcase name="cornwall_wallet_balance_remains_and_is_uneffected_by_stamford" time="14.609" classname="Stepdef.Stamford_transaction"/>
  <testcase name="slough_wallet_balance_remains_and_is_uneffected_by_stamford" time="15.170" classname="Stepdef.Stamford_transaction"/>
  <testcase name="windsor_wallet_balance_remains_and_is_uneffected_by_stamford" time="16.861" classname="Stepdef.Stamford_transaction"/>
</testsuite> <!-- Stepdef.Stamford_transaction -->
