<?xml version="1.0" encoding="UTF-8"?>
<!-- Generated by org.testng.reporters.JUnitReportReporter -->
<testsuite skipped="0" hostname="Jayarees-MacBook-Pro.local" name="Stepdef.Maidenhead_Login" tests="6" failures="0" timestamp="05 Sep 2019 11:41:26 GMT" time="118.709" errors="0">
  <testcase name="i_am_a_registered_user_of_Maidenhead_and_I_open_a_browser" time="1.233" classname="Stepdef.Maidenhead_Login"/>
  <testcase name="i_navigate_to_a_premium_article_on_Maidenhead" time="14.118" classname="Stepdef.Maidenhead_Login"/>
  <testcase name="i_click_on_Login_from_Maidenhead_First_use_notice" time="21.079" classname="Stepdef.Maidenhead_Login"/>
  <testcase name="i_verify_that_the_Login_Button_Navigates_me_to_the_login_page_to_log_me_in_to_Maidenhead" time="10.441" classname="Stepdef.Maidenhead_Login"/>
  <testcase name="entering_the_correct_email_and_password_logs_me_in_to_Maidenhead" time="7.603" classname="Stepdef.Maidenhead_Login"/>
  <testcase name="verify_that_I_am_being_navigated_to_the_same_article_on_Maidenhead" time="64.235" classname="Stepdef.Maidenhead_Login"/>
</testsuite> <!-- Stepdef.Maidenhead_Login -->
