<?xml version="1.0" encoding="UTF-8"?>
<!-- Generated by org.testng.reporters.JUnitReportReporter -->
<testsuite skipped="0" hostname="Jayarees-MacBook-Pro.local" name="Stepdef.Slough_Register" tests="6" failures="0" timestamp="11 Sep 2019 10:41:45 GMT" time="178.986" errors="0">
  <testcase name="i_am_not_a_user_of_agate_on_Slough_and_I_open_a_browser" time="1.533" classname="Stepdef.Slough_Register"/>
  <testcase name="i_navigate_to_a_premium_article_on_Slough" time="12.304" classname="Stepdef.Slough_Register"/>
  <testcase name="i_click_on_the_create_wallet_button_on_Slough" time="18.878" classname="Stepdef.Slough_Register"/>
  <testcase name="i_verify_that_the_create_wallet_button_takes_me_to_the_reg_page_on_Slough" time="12.031" classname="Stepdef.Slough_Register"/>
  <testcase name="i_enter_all_the_details_successfully_on_reg_page_on_slough" time="55.704" classname="Stepdef.Slough_Register"/>
  <testcase name="i_am_registered_as_an_agate_user_on_Slough_successfully_and_I_am_shown_a_first_use_notice" time="78.536" classname="Stepdef.Slough_Register"/>
</testsuite> <!-- Stepdef.Slough_Register -->
