<?xml version="1.0" encoding="UTF-8"?>
<!-- Generated by org.testng.reporters.JUnitReportReporter -->
<testsuite skipped="0" hostname="Jayarees-MacBook-Pro.local" name="Stepdef.Fenland_Transaction" tests="8" failures="0" timestamp="20 Aug 2019 09:41:54 GMT" time="247.792" errors="0">
  <testcase name="i_am_a_registered_Agate_User_and_I_login_in_to_fenland" time="69.586" classname="Stepdef.Fenland_Transaction"/>
  <testcase name="i_read_a_premium_article_on_fenland" time="14.175" classname="Stepdef.Fenland_Transaction"/>
  <testcase name="the_popbitch_wallet_balance_is_updated_same_as_fenland_and_free_point_remains_uneffected" time="14.325" classname="Stepdef.Fenland_Transaction"/>
  <testcase name="reaction_wallet_balance_is_updated_and_free_point_remains_uneffected_same_as_fenland" time="14.672" classname="Stepdef.Fenland_Transaction"/>
  <testcase name="cricketer_wallet_balance_remains_and_is_uneffected_by_fenland" time="14.457" classname="Stepdef.Fenland_Transaction"/>
  <testcase name="cornwall_wallet_balance_remains_and_is_uneffected_by_fenland" time="14.685" classname="Stepdef.Fenland_Transaction"/>
  <testcase name="slough_wallet_balance_remains_and_is_uneffected_by_fenland" time="14.594" classname="Stepdef.Fenland_Transaction"/>
  <testcase name="windsor_wallet_balance_remains_and_is_uneffected_by_fenland" time="91.298" classname="Stepdef.Fenland_Transaction"/>
</testsuite> <!-- Stepdef.Fenland_Transaction -->
