<?xml version="1.0" encoding="UTF-8"?>
<!-- Generated by org.testng.reporters.JUnitReportReporter -->
<testsuite skipped="0" hostname="Jayarees-MacBook-Pro.local" name="Stepdef.Grantham_Transaction" tests="8" failures="0" timestamp="06 Sep 2019 09:05:14 GMT" time="189.155" errors="0">
  <testcase name="i_am_a_registered_Agate_User_and_I_login_in_to_grantham" time="87.026" classname="Stepdef.Grantham_Transaction"/>
  <testcase name="i_read_a_premium_article_on_grantham" time="14.185" classname="Stepdef.Grantham_Transaction"/>
  <testcase name="the_popbitch_wallet_balance_is_updated_same_as_grantham_and_free_point_remains_uneffected" time="13.987" classname="Stepdef.Grantham_Transaction"/>
  <testcase name="reaction_wallet_balance_is_updated_and_free_point_remains_uneffected_same_as_grantham" time="14.556" classname="Stepdef.Grantham_Transaction"/>
  <testcase name="cricketer_wallet_balance_remains_and_is_uneffected_by_grantham" time="14.135" classname="Stepdef.Grantham_Transaction"/>
  <testcase name="cornwall_wallet_balance_remains_and_is_uneffected_by_grantham" time="14.204" classname="Stepdef.Grantham_Transaction"/>
  <testcase name="slough_wallet_balance_remains_and_is_uneffected_by_grantham" time="14.439" classname="Stepdef.Grantham_Transaction"/>
  <testcase name="windsor_wallet_balance_remains_and_is_uneffected_by_grantham" time="16.623" classname="Stepdef.Grantham_Transaction"/>
</testsuite> <!-- Stepdef.Grantham_Transaction -->
