<?xml version="1.0" encoding="UTF-8"?>
<!-- Generated by org.testng.reporters.JUnitReportReporter -->
<testsuite skipped="0" hostname="Jayarees-MacBook-Pro.local" name="Stepdef.Newbury_Transaction" tests="10" failures="0" timestamp="11 Sep 2019 15:40:01 GMT" time="154.109" errors="0">
  <testcase name="i_am_a_registered_Agate_User_and_I_login_in_to_newbury" time="46.614" classname="Stepdef.Newbury_Transaction"/>
  <testcase name="i_read_a_premium_article_on_newbury" time="11.668" classname="Stepdef.Newbury_Transaction"/>
  <testcase name="the_wallet_balance_and_free_point_are_deducted_by_x_amount_on_newbury_wallet" time="10.133" classname="Stepdef.Newbury_Transaction"/>
  <testcase name="the_popbitch_wallet_balance_is_updated_same_as_newbury_and_free_point_remains_uneffected" time="13.437" classname="Stepdef.Newbury_Transaction"/>
  <testcase name="reactions_wallet_balance_is_updated_and_free_point_remains_uneffected_by_newbury" time="9.747" classname="Stepdef.Newbury_Transaction"/>
  <testcase name="cricketer_wallet_balance_is_updated_and_free_point_remains_unaffected_by_newbury" time="10.032" classname="Stepdef.Newbury_Transaction"/>
  <testcase name="cornwall_wallet_balance_remains_and_is_uneffected_according_to_newbury" time="10.073" classname="Stepdef.Newbury_Transaction"/>
  <testcase name="maidenhead_wallet_balance_remains_and_is_uneffected_by_newbury" time="14.096" classname="Stepdef.Newbury_Transaction"/>
  <testcase name="slough_wallet_balance_remains_and_is_uneffected_by_newbury" time="13.346" classname="Stepdef.Newbury_Transaction"/>
  <testcase name="windsor_wallet_balance_remains_and_is_uneffected_by_newbury" time="14.963" classname="Stepdef.Newbury_Transaction"/>
</testsuite> <!-- Stepdef.Newbury_Transaction -->
