<?xml version="1.0" encoding="UTF-8"?>
<!-- Generated by org.testng.reporters.JUnitReportReporter -->
<testsuite skipped="0" hostname="Jayarees-MacBook-Pro.local" name="Stepdef.Stamford_Login" tests="6" failures="0" timestamp="06 Sep 2019 09:22:37 GMT" time="88.441" errors="0">
  <testcase name="i_am_a_registered_user_of_stamford_and_I_open_a_browser" time="1.326" classname="Stepdef.Stamford_Login"/>
  <testcase name="i_navigate_to_a_premium_article_on_stamford" time="30.777" classname="Stepdef.Stamford_Login"/>
  <testcase name="i_click_on_Login_from_stamford_First_use_notice" time="21.104" classname="Stepdef.Stamford_Login"/>
  <testcase name="i_verify_that_the_Login_Button_Navigates_me_to_the_login_page_to_log_me_in_to_stamford" time="10.454" classname="Stepdef.Stamford_Login"/>
  <testcase name="entering_the_correct_email_and_password_logs_me_in_to_stamford" time="7.081" classname="Stepdef.Stamford_Login"/>
  <testcase name="verify_that_I_am_being_navigated_to_the_same_article_on_stamford" time="17.699" classname="Stepdef.Stamford_Login"/>
</testsuite> <!-- Stepdef.Stamford_Login -->
