<?xml version="1.0" encoding="UTF-8"?>
<!-- Generated by org.testng.reporters.JUnitReportReporter -->
<testsuite skipped="0" hostname="Jayarees-MacBook-Pro.local" name="Stepdef.popbitch_transaction" tests="7" failures="0" timestamp="30 May 2019 15:35:05 GMT" time="130.125" errors="0">
  <testcase name="i_am_a_registered_Agate_User_and_I_login_in_to_popbitch_staging_with_username_as_and_password_as" time="55.325" classname="Stepdef.popbitch_transaction"/>
  <testcase name="i_read_a_premium_article" time="12.884" classname="Stepdef.popbitch_transaction"/>
  <testcase name="the_wallet_balance_and_free_point_are_deducted_by_p" time="8.148" classname="Stepdef.popbitch_transaction"/>
  <testcase name="the_New_European_wallet_balance_is_updated_same_as_popbitch_and_free_point_remains_uneffected" time="0.001" classname="Stepdef.popbitch_transaction"/>
  <testcase name="reactions_wallet_balance_is_updated_and_free_point_remains_uneffected" time="21.496" classname="Stepdef.popbitch_transaction"/>
  <testcase name="Cornwall_wallet_balance_is_updated_and_free_point_remains_uneffected" time="16.008" classname="Stepdef.popbitch_transaction"/>
  <testcase name="cricketer_wallet_balance_remains_and_is_uneffected" time="16.263" classname="Stepdef.popbitch_transaction"/>
</testsuite> <!-- Stepdef.popbitch_transaction -->
